SLURMD_NODENAME = hpc-33-16
Start time = Mon Nov 17 03:04:32 PM PST 2025
CUDA_VISIBLE_DEVICES = 0
OMP_NUM_THREADS = 32
MKL_NUM_THREADS = 4
OPENBLAS_NUM_THREADS = 4
PYSCF_MAX_MEMORY = 327680
TMPDIR = /resnick/scratch/yangjunjie//gpu4pyscf-occri/54965597/
PYSCF_TMPDIR = /resnick/scratch/yangjunjie//gpu4pyscf-occri/54965597/
Using GPU device 0
Free memory: 78.68 GB
Total memory: 79.19 GB
poscar_path: /resnick/groups/changroup/members/junjiey/occri/packages/cuprate_parent_state_data/01_crystal_geometry/CCO/CCO-AFM-frac.vasp
Discarded 14 diffused primitive functions, 0 contracted functions
#INFO: **** input file is /resnick/groups/changroup/members/junjiey/occri/occri-main/work/cco-afm/main.py ****
import cupy as cp

device = cp.cuda.Device()
print(f"Using GPU device {device.id}")

mem_info = cp.cuda.runtime.memGetInfo()
print(f"Free memory: {mem_info[0] / (1024**3):.2f} GB")
print(f"Total memory: {mem_info[1] / (1024**3):.2f} GB")

import pyscf, gpu4pyscf
from pyscf.pbc import gto
import gpu4pyscf.pbc

import sys, pathlib
poscar_path = pathlib.Path("/resnick/groups/changroup/members/junjiey/occri/packages/")
poscar_path = poscar_path / "cuprate_parent_state_data/01_crystal_geometry/CCO/CCO-AFM-frac.vasp"
assert poscar_path.exists()

path = str(poscar_path)
print(f"poscar_path: {path}")

from libdmet.utils.iotools import read_poscar
pcell = read_poscar(path)
pcell.basis = 'gth-dzvp-molopt-sr'
pcell.pseudo = "gth-hf-rev"
pcell.ke_cutoff = 200
pcell.exp_to_discard = 0.1
pcell.verbose = 5
pcell.build()

kpts = pcell.make_kpts([2, 2, 1])

from gpu4pyscf.pbc.scf import KRHF, KUHF
mf = KUHF(pcell, kpts)
mf.verbose = 5
mf.conv_tol = 1e-6
mf.max_cycle = 10
mf.exxdiv = None
dm0 = mf.get_init_guess(key='minao')

mf.kernel(dm0)
ene_ref = mf.e_tot

from fftdf import FFTDF
from fftdf import get_k_kpts_occri
mf.with_df = FFTDF(pcell, kpts, with_occri=True, use_gpu=True)
mf.with_df.blksize = 4
mf.kernel(dm0)
ene_sol = mf.e_tot

print("ene_ref = %12.6f" % ene_ref)
print("ene_sol = %12.6f" % ene_sol)
print("error   = %6.2e" % abs(ene_ref - ene_sol))

print("done")
#INFO: ******************** input file end ********************


System: uname_result(system='Linux', node='hpc-33-16.cm.cluster', release='5.14.0-427.13.1.el9_4.x86_64', version='#1 SMP PREEMPT_DYNAMIC Wed Apr 10 10:29:16 EDT 2024', machine='x86_64')  Threads 32
Python 3.12.12 | packaged by Anaconda, Inc. | (main, Oct 21 2025, 20:16:04) [GCC 11.2.0]
numpy 2.2.6  scipy 1.16.3  h5py 3.15.1
Date: Mon Nov 17 15:04:36 2025
PySCF version 2.8.0
PySCF path  /home/junjiey/anaconda3/envs/gpu4pyscf-occri/lib/python3.12/site-packages/pyscf/__init__.py
CUDA Environment
    CuPy 13.4.1
    CUDA Path /home/junjiey/anaconda3/envs/gpu4pyscf-occri
    CUDA Build Version 12080
    CUDA Driver Version 12080
    CUDA Runtime Version 12080
CUDA toolkit
    cuSolver (11, 7, 2)
    cuBLAS 120804
    cuTENSOR 20200
Device info
    Device name b'NVIDIA H100 80GB HBM3'
    Device global memory 79.19 GB
    CuPy memory fraction 0.9
    Num. Devices 1
GPU4PySCF 1.4.3
GPU4PySCF path  /home/junjiey/anaconda3/envs/gpu4pyscf-occri/lib/python3.12/site-packages/gpu4pyscf

[ENV] PYSCF_TMPDIR /resnick/scratch/yangjunjie//gpu4pyscf-occri/54965597/
[ENV] PYSCF_MAX_MEMORY 327680
[CONFIG] conf_file None
[INPUT] verbose = 5
[INPUT] max_memory = 327680 
[INPUT] num. atoms = 8
[INPUT] num. electrons = 82
[INPUT] charge = 0
[INPUT] spin (= nelec alpha-beta = 2S) = 0
[INPUT] symmetry False subgroup None
[INPUT] Mole.unit = A
[INPUT] Symbol           X                Y                Z      unit          X                Y                Z       unit  Magmom
[INPUT]  1 Cu     1.927800000000   0.000000000000   1.590250000000 AA    3.643014022937   0.000000000000   3.005136969590 Bohr   0.0
[INPUT]  2 Cu     5.783400000000  -0.000000000000   1.590250000000 AA   10.929042068810  -0.000000000000   3.005136969590 Bohr   0.0
[INPUT]  3 O1     3.855600000000  -3.855600000000   1.590250000000 AA    7.286028045873  -7.286028045873   3.005136969590 Bohr   0.0
[INPUT]  4 O1     3.855600000000   0.000000000000   1.590250000000 AA    7.286028045873   0.000000000000   3.005136969590 Bohr   0.0
[INPUT]  5 O1     1.927800000000   1.927800000000   1.590250000000 AA    3.643014022937   3.643014022937   3.005136969590 Bohr   0.0
[INPUT]  6 O1     5.783400000000   1.927800000000   1.590250000000 AA   10.929042068810   3.643014022937   3.005136969590 Bohr   0.0
[INPUT]  7 Ca     3.855600000000   1.927800000000   0.000000000000 AA    7.286028045873   3.643014022937   0.000000000000 Bohr   0.0
[INPUT]  8 Ca     3.855600000000  -1.927800000000   0.000000000000 AA    7.286028045873  -3.643014022937   0.000000000000 Bohr   0.0
[INPUT] ---------------- BASIS SET ---------------- 
[INPUT] l, kappa, [nprim/nctr], expnt,             c_1 c_2 ...
[INPUT] O1
[INPUT] 0    0    [5    /2   ]  10.3892280183     0.1262407229 0.0692157979
                                3.84962107201     0.1399337043 0.1156345389
                                1.38840118874     -0.4343482317 -0.3228397194
                                0.496955043655    -0.8527917909 -0.0959440166
                                0.16249161504     -0.2423515378 1.1028303487
[INPUT] 1    0    [5    /2   ]  10.3892280183     -0.0613020372 -0.0268627011
                                3.84962107201     -0.1900875117 -0.006283021
                                1.38840118874     -0.3777269828 -0.2248391878
                                0.496955043655    -0.454266086 0.3803246586
                                0.16249161504     -0.257388983 1.0541029199
[INPUT] 2    0    [5    /1   ]  10.3892280183     0.0298452275
                                3.84962107201     0.0609397339
                                1.38840118874     0.7323215801
                                0.496955043655    0.8935649184
                                0.16249161504     0.1529541887
[INPUT] Ca
[INPUT] 0    0    [5    /3   ]  5.28498559656     -0.416182629697 -0.083912217567 -0.208574685974
                                4.09175222912     0.887610504052 0.216895453968 0.314510703283
                                1.42952032176     -0.323549926958 -0.096935550443 -0.601923136001
                                0.614375507986    -0.908395199325 -0.502206578258 2.85361497501
                                0.242970577562    -0.208971576432 -0.096821746914 -3.04328735203
[INPUT] 1    0    [5    /2   ]  5.28498559656     0.064960038145 0.026515439739
                                4.09175222912     0.014546526081 -0.02899796995
                                1.42952032176     -0.466720491908 -0.07324385119
                                0.614375507986    -0.634030899528 -0.218228118923
                                0.242970577562    -0.251681593814 0.144907690867
[INPUT] 2    0    [5    /1   ]  5.28498559656     -0.06663075251
                                4.09175222912     0.197842850864
                                1.42952032176     0.45836517156
                                0.614375507986    0.372585742208
                                0.242970577562    0.820156666086
[INPUT] Cu
[INPUT] 0    0    [5    /2   ]  5.80405115073     0.02091810039 0.045720931893
                                2.94777759308     -0.106208582202 -0.094026024883
                                1.27162120797     0.307397740339 -0.110623536813
                                0.51717376786     0.240805274553 -0.742218346329
                                0.198006620331    -0.798718095004 2.20810737271
[INPUT] 1    0    [5    /2   ]  5.80405115073     -0.004381592772 -0.021109803873
                                2.94777759308     0.017185613995 0.020960301873
                                1.27162120797     -0.089805629814 0.233442747472
                                0.51717376786     0.05441512666 0.369266430953
                                0.198006620331    0.446326740476 -1.4050671297
[INPUT] 2    0    [5    /2   ]  5.80405115073     0.275442696345 -0.101811263028
                                2.94777759308     0.351705110927 -0.207670618594
                                1.27162120797     0.33163596964 -0.224161904198
                                0.51717376786     0.259386540456 0.176105738988
                                0.198006620331    0.151105835782 0.210534119173
[INPUT] 3    0    [5    /1   ]  5.80405115073     -0.016523760157
                                2.94777759308     0.055142365254
                                1.27162120797     -0.28665608976
                                0.51717376786     -0.502349311598
                                0.198006620331    -0.508940020577

Ewald components = 28.2566464530734, -347.472106272704, 10.6691858461942
nuclear repulsion = -308.546273973437
number of shells = 26
number of NR pGTOs = 430
number of NR cGTOs = 130
basis = gth-dzvp-molopt-sr
ecp = {}
CPU time:         1.81
lattice vectors  a1 [7.286028046, -7.286028046, 0.000000000]
                 a2 [7.286028046, 7.286028046, 0.000000000]
                 a3 [0.000000000, 0.000000000, 6.010273939]
dimension = 3
low_dim_ft_type = None
Cell volume = 638.125
exp_to_discard = 0.1
rcut = 18.873693607578385 (nimgs = [2 2 4])
lattice sum = 177 cells
precision = 1e-08
pseudo = gth-hf-rev
ke_cutoff = 200
    = [67 67 41] mesh (184049 PWs)
Density of valence part of ANO basis will be used as initial guess for Cu
Density of valence part of ANO basis will be used as initial guess for Ca
Big error detected in the electron number of initial guess density matrix (Ne/cell = 38.6207)!
  This can cause huge error in Fock matrix and lead to instability in SCF for low-dimensional systems.
  DM is normalized wrt the number of electrons [41. 41.]


******** <class 'gpu4pyscf.pbc.scf.kuhf.KUHF'> ********
method = KUHF
initial guess = minao
damping factor = 0
level_shift factor = 0
DIIS = <class 'gpu4pyscf.scf.diis.CDIIS'>
diis_start_cycle = 1
diis_space = 8
diis_damp = 0
SCF conv_tol = 1e-06
SCF conv_tol_grad = None
SCF max_cycles = 10
direct_scf = True
direct_scf_tol = 1e-13
max_memory 327680 MB (current use 1351 MB)


******** PBC SCF flags ********
N kpts = 4
kpts = [[ 0.          0.          0.        ]
 [ 0.21559021  0.21559021  0.        ]
 [ 0.21559021 -0.21559021  0.        ]
 [ 0.43118042  0.          0.        ]]
Exchange divergence treatment (exxdiv) = None
DF object = <gpu4pyscf.pbc.df.fft.FFTDF object at 0x7fa4273a1af0>
number of electrons per cell  alpha = 164 beta = 164
cond(S) = [851.36007013 859.27679027 859.27679027 912.34785181]
Set gradient conv threshold to 0.001
    CPU time for vj and vk                                              13.55 sec, wall time     23.04 sec, GPU time  23019.46 ms
E1 = (-239.83375419900713-2.0579234842510084e-16j)  E_coul = (77.0463541686993-4.0120787014980156e-17j)
init E= -471.333674003745
    CPU time for SCF initialization                                     27.72 sec, wall time     23.81 sec, GPU time  23805.49 ms
alpha HOMO = 0.549843687756  LUMO = 0.604416963488
beta HOMO = 0.532885338233  LUMO = 0.532885338233
    CPU time for vj and vk                                              13.45 sec, wall time     23.45 sec, GPU time  23454.99 ms
E1 = (-311.41044992233134+2.1525765419933211e-16j)  E_coul = (136.5462127269634-1.2345406642491563e-17j)
    CPU time for cycle=1                                                13.57 sec, wall time     23.50 sec, GPU time  23503.02 ms
cycle= 1 E= -483.410511168805  delta_E= -12.1  |g|=  5.8  |ddm|=  105
alpha HOMO = 0.402294220342  LUMO = 0.460433931485
beta HOMO = 0.411236127216  LUMO = 0.451567332633
    CPU time for vj and vk                                              13.75 sec, wall time     23.45 sec, GPU time  23455.10 ms
E1 = (-290.5513227683601+1.3312971525110144e-16j)  E_coul = (127.80666116979849-6.471274693259377e-18j)
    CPU time for cycle=2                                                13.81 sec, wall time     23.50 sec, GPU time  23498.79 ms
cycle= 2 E= -471.290935571998  delta_E= 12.1  |g|= 10.8  |ddm|= 19.6
alpha HOMO = 0.257649586958  LUMO = 0.257669988019
beta HOMO = 0.30479935183  LUMO = 0.309982920453
    CPU time for vj and vk                                              13.51 sec, wall time     23.15 sec, GPU time  23146.20 ms
E1 = (-301.36001350689946+1.7844425498953874e-16j)  E_coul = (121.3947991434492+3.8601825680980176e-18j)
    CPU time for cycle=3                                                13.56 sec, wall time     23.17 sec, GPU time  23172.90 ms
cycle= 3 E= -488.511488336887  delta_E= -17.2  |g|= 3.62  |ddm|= 14.8
alpha HOMO = 0.471013203897  LUMO = 0.471924480846
beta HOMO = 0.473202342139  LUMO = 0.474187545904
    CPU time for vj and vk                                              14.05 sec, wall time     23.47 sec, GPU time  23468.03 ms
E1 = (-301.564426302983+1.7490342240242059e-16j)  E_coul = (121.22337125404832-2.8676071274415267e-19j)
    CPU time for cycle=4                                                14.13 sec, wall time     23.49 sec, GPU time  23494.73 ms
cycle= 4 E= -488.887329022371  delta_E= -0.376  |g|=  2.7  |ddm|= 6.63
alpha HOMO = 0.324078511409  LUMO = 0.328314034862
beta HOMO = 0.34746252094  LUMO = 0.357865604907
    CPU time for vj and vk                                              14.12 sec, wall time     23.34 sec, GPU time  23341.54 ms
E1 = (-301.3365063668539+1.6349658521170208e-16j)  E_coul = (119.98780644937995-1.420885751151076e-17j)
    CPU time for cycle=5                                                14.19 sec, wall time     23.37 sec, GPU time  23368.45 ms
cycle= 5 E= -489.894973890911  delta_E= -1.01  |g|= 0.987  |ddm|= 4.81
alpha HOMO = 0.332420240166  LUMO = 0.357048802833
beta HOMO = 0.320744369138  LUMO = 0.365674482938
    CPU time for vj and vk                                              13.71 sec, wall time     23.23 sec, GPU time  23230.86 ms
E1 = (-301.98456183070397+1.6630999795987567e-16j)  E_coul = (120.4092405114807-1.6381657056432762e-18j)
    CPU time for cycle=6                                                13.77 sec, wall time     23.26 sec, GPU time  23257.59 ms
cycle= 6 E= -490.12159529266  delta_E= -0.227  |g|= 0.503  |ddm|= 3.05
alpha HOMO = 0.328850270027  LUMO = 0.446601291554
beta HOMO = 0.298157013863  LUMO = 0.476779900971
    CPU time for vj and vk                                              14.10 sec, wall time     23.47 sec, GPU time  23471.77 ms
E1 = (-301.9135985233257+1.691112159461699e-16j)  E_coul = (120.28382107384893-4.441683501225241e-18j)
    CPU time for cycle=7                                                14.16 sec, wall time     23.50 sec, GPU time  23498.65 ms
cycle= 7 E= -490.176051422914  delta_E= -0.0545  |g|= 0.36  |ddm|= 0.992
alpha HOMO = 0.299472402332  LUMO = 0.567502420656
beta HOMO = 0.289868866391  LUMO = 0.569984220737
    CPU time for vj and vk                                              14.06 sec, wall time     23.61 sec, GPU time  23611.21 ms
E1 = (-301.8788366539619+1.7042300163890623e-16j)  E_coul = (120.2252419345137-8.670052538405487e-18j)
    CPU time for cycle=8                                                14.12 sec, wall time     23.64 sec, GPU time  23638.27 ms
cycle= 8 E= -490.199868692885  delta_E= -0.0238  |g|= 0.103  |ddm|= 0.782
alpha HOMO = 0.30077455578  LUMO = 0.563534513011
beta HOMO = 0.292181799811  LUMO = 0.564499555381
    CPU time for vj and vk                                              14.65 sec, wall time     24.57 sec, GPU time  24572.47 ms
E1 = (-301.8548870381164+1.7061943327879435e-16j)  E_coul = (120.2001652052477-8.443545422469673e-18j)
    CPU time for cycle=9                                                14.70 sec, wall time     24.60 sec, GPU time  24599.69 ms
cycle= 9 E= -490.200995806305  delta_E= -0.00113  |g|= 0.0493  |ddm|= 0.114
alpha HOMO = 0.299167946484  LUMO = 0.566945124686
beta HOMO = 0.294129054377  LUMO = 0.568545712539
    CPU time for vj and vk                                              14.89 sec, wall time     24.22 sec, GPU time  24222.58 ms
E1 = (-301.85032497710165+1.7067150476364366e-16j)  E_coul = (120.1951863411804-3.3136707690366122e-18j)
    CPU time for cycle=10                                               14.91 sec, wall time     24.25 sec, GPU time  24249.81 ms
cycle= 10 E= -490.201412609358  delta_E= -0.000417  |g|= 0.0156  |ddm|= 0.0874

WARN: SCF failed to converge

    CPU time for SCF                                                   168.78 sec, wall time    260.18 sec, GPU time 260177.97 ms
SCF not converged.
SCF energy = -490.201412609358


******** <class 'gpu4pyscf.pbc.scf.kuhf.KUHF'> ********
method = KUHF
initial guess = minao
damping factor = 0
level_shift factor = 0
DIIS = <class 'gpu4pyscf.scf.diis.CDIIS'>
diis_start_cycle = 1
diis_space = 8
diis_damp = 0
SCF conv_tol = 1e-06
SCF conv_tol_grad = None
SCF max_cycles = 10
direct_scf = True
direct_scf_tol = 1e-13
max_memory 327680 MB (current use 1678 MB)


******** PBC SCF flags ********
N kpts = 4
kpts = [[ 0.          0.          0.        ]
 [ 0.21559021  0.21559021  0.        ]
 [ 0.21559021 -0.21559021  0.        ]
 [ 0.43118042  0.          0.        ]]
Exchange divergence treatment (exxdiv) = None
DF object = <fftdf.OccRI object at 0x7fa4638447a0>
number of electrons per cell  alpha = 164 beta = 164
cond(S) = [851.36007013 859.27679027 859.27679027 912.34785181]
Set gradient conv threshold to 0.001


******** <class 'fftdf.OccRI'> ********
mesh = [67 67 41] (184049 PWs)
nkpts = 4
nao = 130, nocc = 41, blksize = 4
rhoR memory usage = 4.83e-01 GB
    CPU time for vj and vk                                               0.40 sec, wall time      0.33 sec, GPU time    309.28 ms
E1 = (-239.8337541990072-2.0579234842186967e-16j)  E_coul = (123.08891326336614-3.0814879110195774e-32j)
init E= -425.291114909078
    CPU time for SCF initialization                                     15.20 sec, wall time      1.46 sec, GPU time   1459.59 ms
alpha HOMO = 1.096291569  LUMO = 1.096291569
beta HOMO = 1.096291569  LUMO = 1.096291569
    CPU time for vj and vk                                               5.82 sec, wall time     15.50 sec, GPU time  15498.15 ms
E1 = (-299.38443527436544+1.895461260494114e-16j)  E_coul = (133.45252520382547+8.887895221768144e-18j)
    CPU time for cycle=1                                                 5.90 sec, wall time     15.52 sec, GPU time  15521.72 ms
cycle= 1 E= -474.478184043977  delta_E= -49.2  |g|= 9.53  |ddm|=  108
alpha HOMO = 0.298591807069  LUMO = 0.323372754426
beta HOMO = 0.298591807069  LUMO = 0.323372754426
    CPU time for vj and vk                                               5.84 sec, wall time     15.20 sec, GPU time  15198.58 ms
E1 = (-291.11812883345027+1.4497839587740002e-16j)  E_coul = (130.55567722024685+1.0706725582324033e-17j)
    CPU time for cycle=2                                                 5.87 sec, wall time     15.23 sec, GPU time  15232.93 ms
cycle= 2 E= -469.10872558664  delta_E= 5.37  |g|= 11.6  |ddm|= 23.8
alpha HOMO = 0.326487376814  LUMO = 0.354023003095
beta HOMO = 0.326487376814  LUMO = 0.354023003095
    CPU time for vj and vk                                               5.86 sec, wall time     15.46 sec, GPU time  15462.38 ms
E1 = (-303.4215437170305+1.5680494500206642e-16j)  E_coul = (123.41651246861423-2.5039330740036165e-18j)
    CPU time for cycle=3                                                 5.89 sec, wall time     15.49 sec, GPU time  15488.29 ms
cycle= 3 E= -488.551305221853  delta_E= -19.4  |g|=  3.6  |ddm|= 18.5
alpha HOMO = 0.56391553064  LUMO = 0.739830731769
beta HOMO = 0.56391553064  LUMO = 0.739830731769
    CPU time for vj and vk                                               5.83 sec, wall time     15.77 sec, GPU time  15768.07 ms
E1 = (-301.7470455382432+1.66249796013388e-16j)  E_coul = (120.42321651219032+1.0029178259043183e-17j)
    CPU time for cycle=4                                                 5.86 sec, wall time     15.79 sec, GPU time  15794.06 ms
cycle= 4 E= -489.87010299949  delta_E= -1.32  |g|= 0.61  |ddm|= 5.11
alpha HOMO = 0.345329874288  LUMO = 0.911228303283
beta HOMO = 0.345329874288  LUMO = 0.911228303283
    CPU time for vj and vk                                               5.85 sec, wall time     14.92 sec, GPU time  14923.63 ms
E1 = (-302.0356376607964+1.630712525596425e-16j)  E_coul = (120.64745039608437+4.800548694935634e-18j)
    CPU time for cycle=5                                                 5.88 sec, wall time     14.95 sec, GPU time  14949.94 ms
cycle= 5 E= -489.934461238149  delta_E= -0.0644  |g|= 0.24  |ddm|= 1.06
alpha HOMO = 0.333611034713  LUMO = 0.915537680687
beta HOMO = 0.333611034713  LUMO = 0.915537680687
    CPU time for vj and vk                                               5.81 sec, wall time     14.96 sec, GPU time  14956.74 ms
E1 = (-302.1239647330538+1.6071255877857248e-16j)  E_coul = (120.7162734589108-3.2857907418101533e-18j)
    CPU time for cycle=6                                                 5.84 sec, wall time     14.98 sec, GPU time  14983.24 ms
cycle= 6 E= -489.95396524758  delta_E= -0.0195  |g|= 0.156  |ddm|= 0.429
alpha HOMO = 0.336423961256  LUMO = 0.916499473432
beta HOMO = 0.336423961256  LUMO = 0.916499473432
    CPU time for vj and vk                                               5.86 sec, wall time     16.31 sec, GPU time  16309.53 ms
E1 = (-302.14409341660917+1.5845975561888964e-16j)  E_coul = (120.72422479068933+1.045362330753141e-17j)
    CPU time for cycle=7                                                 5.88 sec, wall time     16.34 sec, GPU time  16335.94 ms
cycle= 7 E= -489.966142599357  delta_E= -0.0122  |g|= 0.0803  |ddm|= 0.416
alpha HOMO = 0.345339444542  LUMO = 0.917446400377
beta HOMO = 0.345339444542  LUMO = 0.917446400377
    CPU time for vj and vk                                               5.85 sec, wall time     15.99 sec, GPU time  15986.68 ms
E1 = (-302.13887257114766+1.5620320303043586e-16j)  E_coul = (120.71404223720745-8.810661523070433e-18j)
    CPU time for cycle=8                                                 5.87 sec, wall time     16.01 sec, GPU time  16013.31 ms
cycle= 8 E= -489.971104307377  delta_E= -0.00496  |g|= 0.0395  |ddm|= 0.355
alpha HOMO = 0.347073856335  LUMO = 0.918223867614
beta HOMO = 0.347073856335  LUMO = 0.918223867614
    CPU time for vj and vk                                               5.63 sec, wall time     22.01 sec, GPU time  22012.16 ms
E1 = (-302.12692394478466+1.554320326266164e-16j)  E_coul = (120.70125451106226-2.9858952475063167e-18j)
    CPU time for cycle=9                                                 5.66 sec, wall time     22.04 sec, GPU time  22039.11 ms
cycle= 9 E= -489.971943407159  delta_E= -0.000839  |g|= 0.0228  |ddm|= 0.135
alpha HOMO = 0.347990437376  LUMO = 0.918082073924
beta HOMO = 0.347990437376  LUMO = 0.918082073924
    CPU time for vj and vk                                               5.21 sec, wall time      7.90 sec, GPU time   7899.59 ms
E1 = (-302.11625247205507+1.551458238565983e-16j)  E_coul = (120.69016750502416+3.2781961381123626e-18j)
    CPU time for cycle=10                                                5.23 sec, wall time      7.93 sec, GPU time   7926.35 ms
cycle= 10 E= -489.972358940468  delta_E= -0.000416  |g|= 0.0191  |ddm|= 0.0751

WARN: SCF failed to converge

    CPU time for SCF                                                    73.12 sec, wall time    155.79 sec, GPU time 155787.34 ms
SCF not converged.
SCF energy = -489.972358940468
ene_ref =  -490.201413
ene_sol =  -489.972359
error   = 2.29e-01
done
End time = Mon Nov 17 03:11:35 PM PST 2025
