SLURMD_NODENAME = hpc-33-16
Start time = Mon Nov 17 06:59:14 PM PST 2025
CUDA_VISIBLE_DEVICES = 0
OMP_NUM_THREADS = 32
MKL_NUM_THREADS = 4
OPENBLAS_NUM_THREADS = 4
PYSCF_MAX_MEMORY = 327680
TMPDIR = /resnick/scratch/yangjunjie//gpu4pyscf-occri/54971033/
PYSCF_TMPDIR = /resnick/scratch/yangjunjie//gpu4pyscf-occri/54971033/
Using GPU device 0
Free memory: 78.68 GB
Total memory: 79.19 GB
poscar_path: /resnick/groups/changroup/members/junjiey/occri/packages/cuprate_parent_state_data/01_crystal_geometry/Hg-1212/Hg-1212-2x2.vasp
mem_avail: 78.611 GB, total_mem: 0.000 GB, used_mem: 0.000 GB,mem_limt: 71.270 GB
Discarded 84 diffused primitive functions, 0 contracted functions
#INFO: **** input file is /resnick/groups/changroup/members/junjiey/occri/occri-main/work/hg1212-2x2/main.py ****
import cupy as cp

device = cp.cuda.Device()
print(f"Using GPU device {device.id}")

mem_info = cp.cuda.runtime.memGetInfo()
print(f"Free memory: {mem_info[0] / (1024**3):.2f} GB")
print(f"Total memory: {mem_info[1] / (1024**3):.2f} GB")

import pyscf, gpu4pyscf
from pyscf.pbc import gto
import gpu4pyscf.pbc

import sys, pathlib
poscar_path = pathlib.Path("/resnick/groups/changroup/members/junjiey/occri/packages/")
poscar_path = poscar_path / "cuprate_parent_state_data/01_crystal_geometry/Hg-1212/Hg-1212-2x2.vasp"
assert poscar_path.exists()

path = str(poscar_path)
print(f"poscar_path: {path}")

from gpu4pyscf.lib.cupy_helper import print_mem_info
print_mem_info()

from libdmet.utils.iotools import read_poscar
pcell = read_poscar(path)
pcell.basis = 'gth-dzvp-molopt-sr'
pcell.pseudo = "gth-hf-rev"
pcell.ke_cutoff = 200
pcell.exp_to_discard = 0.1
pcell.verbose = 5
pcell.cart = True
pcell.build()

kpts = pcell.make_kpts([1, 1, 1])

from gpu4pyscf.pbc.scf import KRHF, KUHF
mf = KUHF(pcell, kpts)
mf.verbose = 5
mf.conv_tol = 1e-6
mf.max_cycle = 10
mf.exxdiv = None
dm0 = mf.get_init_guess(key='minao')

# mf.kernel(dm0)
# ene_ref = mf.e_tot

from fftdf import FFTDF
from fftdf import get_k_kpts_occri
mf.with_df = FFTDF(pcell, kpts, with_occri=True, use_gpu=True)
mf.with_df.blksize = 1
mf.kernel(dm0)
ene_sol = mf.e_tot

# print("ene_ref = %12.6f" % ene_ref)
# print("ene_sol = %12.6f" % ene_sol)
# print("error   = %6.2e" % abs(ene_ref - ene_sol))

# print("done")

# vj, vk = mf.with_df.get_jk(dm0, hermi=1, kpts=kpts, with_j=False, with_k=True)
# print("vj.shape = %s" % str(vj.shape))
# print("vk.shape = %s" % str(vk.shape))

# print("done")#INFO: ******************** input file end ********************


System: uname_result(system='Linux', node='hpc-33-16.cm.cluster', release='5.14.0-427.13.1.el9_4.x86_64', version='#1 SMP PREEMPT_DYNAMIC Wed Apr 10 10:29:16 EDT 2024', machine='x86_64')  Threads 32
Python 3.12.12 | packaged by Anaconda, Inc. | (main, Oct 21 2025, 20:16:04) [GCC 11.2.0]
numpy 2.2.6  scipy 1.16.3  h5py 3.15.1
Date: Mon Nov 17 18:59:18 2025
PySCF version 2.8.0
PySCF path  /home/junjiey/anaconda3/envs/gpu4pyscf-occri/lib/python3.12/site-packages/pyscf/__init__.py
CUDA Environment
    CuPy 13.4.1
    CUDA Path /home/junjiey/anaconda3/envs/gpu4pyscf-occri
    CUDA Build Version 12080
    CUDA Driver Version 12080
    CUDA Runtime Version 12080
CUDA toolkit
    cuSolver (11, 7, 2)
    cuBLAS 120804
    cuTENSOR 20200
Device info
    Device name b'NVIDIA H100 80GB HBM3'
    Device global memory 79.19 GB
    CuPy memory fraction 0.9
    Num. Devices 1
GPU4PySCF 1.4.3
GPU4PySCF path  /home/junjiey/anaconda3/envs/gpu4pyscf-occri/lib/python3.12/site-packages/gpu4pyscf

[ENV] PYSCF_TMPDIR /resnick/scratch/yangjunjie//gpu4pyscf-occri/54971033/
[ENV] PYSCF_MAX_MEMORY 327680
[CONFIG] conf_file None
[INPUT] verbose = 5
[INPUT] max_memory = 327680 
[INPUT] num. atoms = 48
[INPUT] num. electrons = 464
[INPUT] charge = 0
[INPUT] spin (= nelec alpha-beta = 2S) = 0
[INPUT] symmetry False subgroup None
[INPUT] Mole.unit = A
[INPUT] Cartesian GTO integrals (6d 10f)
[INPUT] Symbol           X                Y                Z      unit          X                Y                Z       unit  Magmom
[INPUT]  1 Cu1    1.931500000000   1.931500000000   4.789610160000 AA    3.650006009597   3.650006009597   9.051051445834 Bohr   0.0
[INPUT]  2 Cu1    5.794500000000   5.794500000000   4.789610160000 AA   10.950018028792  10.950018028792   9.051051445834 Bohr   0.0
[INPUT]  3 Cu2    1.931500000000   5.794500000000   4.789610160000 AA    3.650006009597  10.950018028792   9.051051445834 Bohr   0.0
[INPUT]  4 Cu2    5.794500000000   1.931500000000   4.789610160000 AA   10.950018028792   3.650006009597   9.051051445834 Bohr   0.0
[INPUT]  5 O1     1.931500000000   3.863000000000   4.780721700000 AA    3.650006009597   7.300012019195   9.034254690765 Bohr   0.0
[INPUT]  6 O1     3.863000000000   5.794500000000   4.780721700000 AA    7.300012019195  10.950018028792   9.034254690765 Bohr   0.0
[INPUT]  7 O1     5.794500000000   3.863000000000   4.780721700000 AA   10.950018028792   7.300012019195   9.034254690765 Bohr   0.0
[INPUT]  8 O1     3.863000000000   1.931500000000   4.780721700000 AA    7.300012019195   3.650006009597   9.034254690765 Bohr   0.0
[INPUT]  9 O1     0.000000000000   1.931500000000   4.780721700000 AA    0.000000000000   3.650006009597   9.034254690765 Bohr   0.0
[INPUT] 10 O1     1.931500000000   7.726000000000   4.780721700000 AA    3.650006009597  14.600024038390   9.034254690765 Bohr   0.0
[INPUT] 11 O1     7.726000000000   5.794500000000   4.780721700000 AA   14.600024038390  10.950018028792   9.034254690765 Bohr   0.0
[INPUT] 12 O1     5.794500000000   0.000000000000   4.780721700000 AA   10.950018028792   0.000000000000   9.034254690765 Bohr   0.0
[INPUT] 13 O2     1.931500000000   1.931500000000   1.965619440000 AA    3.650006009597   3.650006009597   3.714482406721 Bohr   0.0
[INPUT] 14 O2     1.931500000000   5.794500000000   1.965619440000 AA    3.650006009597  10.950018028792   3.714482406721 Bohr   0.0
[INPUT] 15 O2     5.794500000000   1.931500000000   1.965619440000 AA   10.950018028792   3.650006009597   3.714482406721 Bohr   0.0
[INPUT] 16 O2     5.794500000000   5.794500000000   1.965619440000 AA   10.950018028792  10.950018028792   3.714482406721 Bohr   0.0
[INPUT] 17 Cu3    1.931500000000   1.931500000000   7.908189840000 AA    3.650006009597   3.650006009597  14.944312938668 Bohr   0.0
[INPUT] 18 Cu3    5.794500000000   5.794500000000   7.908189840000 AA   10.950018028792  10.950018028792  14.944312938668 Bohr   0.0
[INPUT] 19 Cu4    1.931500000000   5.794500000000   7.908189840000 AA    3.650006009597  10.950018028792  14.944312938668 Bohr   0.0
[INPUT] 20 Cu4    5.794500000000   1.931500000000   7.908189840000 AA   10.950018028792   3.650006009597  14.944312938668 Bohr   0.0
[INPUT] 21 O3     1.931500000000   3.863000000000   7.917078300000 AA    3.650006009597   7.300012019195  14.961109693737 Bohr   0.0
[INPUT] 22 O3     3.863000000000   5.794500000000   7.917078300000 AA    7.300012019195  10.950018028792  14.961109693737 Bohr   0.0
[INPUT] 23 O3     5.794500000000   3.863000000000   7.917078300000 AA   10.950018028792   7.300012019195  14.961109693737 Bohr   0.0
[INPUT] 24 O3     3.863000000000   1.931500000000   7.917078300000 AA    7.300012019195   3.650006009597  14.961109693737 Bohr   0.0
[INPUT] 25 O3     7.726000000000   1.931500000000   7.917078300000 AA   14.600024038390   3.650006009597  14.961109693737 Bohr   0.0
[INPUT] 26 O3     1.931500000000   0.000000000000   7.917078300000 AA    3.650006009597   0.000000000000  14.961109693737 Bohr   0.0
[INPUT] 27 O3     0.000000000000   5.794500000000   7.917078300000 AA    0.000000000000  10.950018028792  14.961109693737 Bohr   0.0
[INPUT] 28 O3     5.794500000000   7.726000000000   7.917078300000 AA   10.950018028792  14.600024038390  14.961109693737 Bohr   0.0
[INPUT] 29 O4     1.931500000000   1.931500000000  10.732180560000 AA    3.650006009597   3.650006009597  20.280881977781 Bohr   0.0
[INPUT] 30 O4     1.931500000000   5.794500000000  10.732180560000 AA    3.650006009597  10.950018028792  20.280881977781 Bohr   0.0
[INPUT] 31 O4     5.794500000000   1.931500000000  10.732180560000 AA   10.950018028792   3.650006009597  20.280881977781 Bohr   0.0
[INPUT] 32 O4     5.794500000000   5.794500000000  10.732180560000 AA   10.950018028792  10.950018028792  20.280881977781 Bohr   0.0
[INPUT] 33 Hg     1.931500000000   1.931500000000   0.000000000000 AA    3.650006009597   3.650006009597   0.000000000000 Bohr   0.0
[INPUT] 34 Hg     5.794500000000   5.794500000000   0.000000000000 AA   10.950018028792  10.950018028792   0.000000000000 Bohr   0.0
[INPUT] 35 Hg     1.931500000000   5.794500000000  12.697800000000 AA    3.650006009597  10.950018028792  23.995364384502 Bohr   0.0
[INPUT] 36 Hg     5.794500000000   1.931500000000  12.697800000000 AA   10.950018028792   3.650006009597  23.995364384502 Bohr   0.0
[INPUT] 37 Ba     0.000000000000   3.863000000000   2.848116540000 AA    0.000000000000   7.300012019195   5.382160231444 Bohr   0.0
[INPUT] 38 Ba     3.863000000000   7.726000000000   2.848116540000 AA    7.300012019195  14.600024038390   5.382160231444 Bohr   0.0
[INPUT] 39 Ba     3.863000000000   3.863000000000   2.848116540000 AA    7.300012019195   7.300012019195   5.382160231444 Bohr   0.0
[INPUT] 40 Ba     7.726000000000   0.000000000000   2.848116540000 AA   14.600024038390   0.000000000000   5.382160231444 Bohr   0.0
[INPUT] 41 Ba     0.000000000000   7.726000000000   9.849683460000 AA    0.000000000000  14.600024038390  18.613204153058 Bohr   0.0
[INPUT] 42 Ba     3.863000000000   3.863000000000   9.849683460000 AA    7.300012019195   7.300012019195  18.613204153058 Bohr   0.0
[INPUT] 43 Ba     7.726000000000   3.863000000000   9.849683460000 AA   14.600024038390   7.300012019195  18.613204153058 Bohr   0.0
[INPUT] 44 Ba     3.863000000000   0.000000000000   9.849683460000 AA    7.300012019195   0.000000000000  18.613204153058 Bohr   0.0
[INPUT] 45 Ca     0.000000000000   3.863000000000   6.348900000000 AA    0.000000000000   7.300012019195  11.997682192251 Bohr   0.0
[INPUT] 46 Ca     3.863000000000   7.726000000000   6.348900000000 AA    7.300012019195  14.600024038390  11.997682192251 Bohr   0.0
[INPUT] 47 Ca     3.863000000000   3.863000000000   6.348900000000 AA    7.300012019195   7.300012019195  11.997682192251 Bohr   0.0
[INPUT] 48 Ca     7.726000000000   0.000000000000   6.348900000000 AA   14.600024038390   0.000000000000  11.997682192251 Bohr   0.0
[INPUT] ---------------- BASIS SET ---------------- 
[INPUT] l, kappa, [nprim/nctr], expnt,             c_1 c_2 ...
[INPUT] Cu3
[INPUT] 0    0    [5    /2   ]  5.80405115073     0.02091810039 0.045720931893
                                2.94777759308     -0.106208582202 -0.094026024883
                                1.27162120797     0.307397740339 -0.110623536813
                                0.51717376786     0.240805274553 -0.742218346329
                                0.198006620331    -0.798718095004 2.20810737271
[INPUT] 1    0    [5    /2   ]  5.80405115073     -0.004381592772 -0.021109803873
                                2.94777759308     0.017185613995 0.020960301873
                                1.27162120797     -0.089805629814 0.233442747472
                                0.51717376786     0.05441512666 0.369266430953
                                0.198006620331    0.446326740476 -1.4050671297
[INPUT] 2    0    [5    /2   ]  5.80405115073     0.275442696345 -0.101811263028
                                2.94777759308     0.351705110927 -0.207670618594
                                1.27162120797     0.33163596964 -0.224161904198
                                0.51717376786     0.259386540456 0.176105738988
                                0.198006620331    0.151105835782 0.210534119173
[INPUT] 3    0    [5    /1   ]  5.80405115073     -0.016523760157
                                2.94777759308     0.055142365254
                                1.27162120797     -0.28665608976
                                0.51717376786     -0.502349311598
                                0.198006620331    -0.508940020577
[INPUT] Ba
[INPUT] 0    0    [5    /3   ]  1.09910738739     -0.265977603953 0.133167313532 0.290876128104
                                1.04241561143     -0.548867124949 0.303553076384 -0.457720153751
                                0.9238155833      0.534778251294 -0.187596947384 0.955681723101
                                0.40951518718     0.587584269233 -0.829784858376 -3.83974646531
                                0.166000524554    0.112796348364 0.080177822791 3.55910474784
[INPUT] 1    0    [5    /2   ]  1.09910738739     -0.076120521522 0.156054210447
                                1.04241561143     0.581707053986 0.034898462239
                                0.9238155833      -0.513377720928 -0.112603657198
                                0.40951518718     -0.199996660495 -0.398760799348
                                0.166000524554    -0.129413972483 0.013035859628
[INPUT] 2    0    [5    /1   ]  1.09910738739     0.457091203328
                                1.04241561143     -0.05188439794
                                0.9238155833      -0.325084641003
                                0.40951518718     -1.10383146659
                                0.166000524554    -1.30799715534
[INPUT] Hg
[INPUT] 0    0    [5    /2   ]  3.03151710973     -0.000773276442 0.142001377433
                                1.99994975008     -0.127545432316 -0.280482979589
                                0.968505371291    0.467348942725 0.098625459472
                                0.443215909283    0.041435964338 -1.22346269605
                                0.197907885691    -0.613050351354 3.05337233597
[INPUT] 1    0    [5    /2   ]  3.03151710973     -0.035104188311 -0.090931506623
                                1.99994975008     0.112459425109 0.162444892253
                                0.968505371291    -0.270433349168 0.029548333852
                                0.443215909283    0.012885629971 0.581078127814
                                0.197907885691    0.562923305773 -2.00421412613
[INPUT] 2    0    [5    /2   ]  3.03151710973     -0.05151943161 0.008323885654
                                1.99994975008     0.245745995267 -0.053441689967
                                0.968505371291    0.344642941759 -0.16587724051
                                0.443215909283    0.274191104401 0.080323576326
                                0.197907885691    0.133463525187 -0.144762593434
[INPUT] 3    0    [5    /1   ]  3.03151710973     0.001599032324
                                1.99994975008     0.043884187965
                                0.968505371291    -0.177253996973
                                0.443215909283    -0.478266521156
                                0.197907885691    -0.61379541184
[INPUT] O2
[INPUT] 0    0    [5    /2   ]  10.3892280183     0.1262407229 0.0692157979
                                3.84962107201     0.1399337043 0.1156345389
                                1.38840118874     -0.4343482317 -0.3228397194
                                0.496955043655    -0.8527917909 -0.0959440166
                                0.16249161504     -0.2423515378 1.1028303487
[INPUT] 1    0    [5    /2   ]  10.3892280183     -0.0613020372 -0.0268627011
                                3.84962107201     -0.1900875117 -0.006283021
                                1.38840118874     -0.3777269828 -0.2248391878
                                0.496955043655    -0.454266086 0.3803246586
                                0.16249161504     -0.257388983 1.0541029199
[INPUT] 2    0    [5    /1   ]  10.3892280183     0.0298452275
                                3.84962107201     0.0609397339
                                1.38840118874     0.7323215801
                                0.496955043655    0.8935649184
                                0.16249161504     0.1529541887
[INPUT] Cu4
[INPUT] 0    0    [5    /2   ]  5.80405115073     0.02091810039 0.045720931893
                                2.94777759308     -0.106208582202 -0.094026024883
                                1.27162120797     0.307397740339 -0.110623536813
                                0.51717376786     0.240805274553 -0.742218346329
                                0.198006620331    -0.798718095004 2.20810737271
[INPUT] 1    0    [5    /2   ]  5.80405115073     -0.004381592772 -0.021109803873
                                2.94777759308     0.017185613995 0.020960301873
                                1.27162120797     -0.089805629814 0.233442747472
                                0.51717376786     0.05441512666 0.369266430953
                                0.198006620331    0.446326740476 -1.4050671297
[INPUT] 2    0    [5    /2   ]  5.80405115073     0.275442696345 -0.101811263028
                                2.94777759308     0.351705110927 -0.207670618594
                                1.27162120797     0.33163596964 -0.224161904198
                                0.51717376786     0.259386540456 0.176105738988
                                0.198006620331    0.151105835782 0.210534119173
[INPUT] 3    0    [5    /1   ]  5.80405115073     -0.016523760157
                                2.94777759308     0.055142365254
                                1.27162120797     -0.28665608976
                                0.51717376786     -0.502349311598
                                0.198006620331    -0.508940020577
[INPUT] O4
[INPUT] 0    0    [5    /2   ]  10.3892280183     0.1262407229 0.0692157979
                                3.84962107201     0.1399337043 0.1156345389
                                1.38840118874     -0.4343482317 -0.3228397194
                                0.496955043655    -0.8527917909 -0.0959440166
                                0.16249161504     -0.2423515378 1.1028303487
[INPUT] 1    0    [5    /2   ]  10.3892280183     -0.0613020372 -0.0268627011
                                3.84962107201     -0.1900875117 -0.006283021
                                1.38840118874     -0.3777269828 -0.2248391878
                                0.496955043655    -0.454266086 0.3803246586
                                0.16249161504     -0.257388983 1.0541029199
[INPUT] 2    0    [5    /1   ]  10.3892280183     0.0298452275
                                3.84962107201     0.0609397339
                                1.38840118874     0.7323215801
                                0.496955043655    0.8935649184
                                0.16249161504     0.1529541887
[INPUT] Ca
[INPUT] 0    0    [5    /3   ]  5.28498559656     -0.416182629697 -0.083912217567 -0.208574685974
                                4.09175222912     0.887610504052 0.216895453968 0.314510703283
                                1.42952032176     -0.323549926958 -0.096935550443 -0.601923136001
                                0.614375507986    -0.908395199325 -0.502206578258 2.85361497501
                                0.242970577562    -0.208971576432 -0.096821746914 -3.04328735203
[INPUT] 1    0    [5    /2   ]  5.28498559656     0.064960038145 0.026515439739
                                4.09175222912     0.014546526081 -0.02899796995
                                1.42952032176     -0.466720491908 -0.07324385119
                                0.614375507986    -0.634030899528 -0.218228118923
                                0.242970577562    -0.251681593814 0.144907690867
[INPUT] 2    0    [5    /1   ]  5.28498559656     -0.06663075251
                                4.09175222912     0.197842850864
                                1.42952032176     0.45836517156
                                0.614375507986    0.372585742208
                                0.242970577562    0.820156666086
[INPUT] Cu2
[INPUT] 0    0    [5    /2   ]  5.80405115073     0.02091810039 0.045720931893
                                2.94777759308     -0.106208582202 -0.094026024883
                                1.27162120797     0.307397740339 -0.110623536813
                                0.51717376786     0.240805274553 -0.742218346329
                                0.198006620331    -0.798718095004 2.20810737271
[INPUT] 1    0    [5    /2   ]  5.80405115073     -0.004381592772 -0.021109803873
                                2.94777759308     0.017185613995 0.020960301873
                                1.27162120797     -0.089805629814 0.233442747472
                                0.51717376786     0.05441512666 0.369266430953
                                0.198006620331    0.446326740476 -1.4050671297
[INPUT] 2    0    [5    /2   ]  5.80405115073     0.275442696345 -0.101811263028
                                2.94777759308     0.351705110927 -0.207670618594
                                1.27162120797     0.33163596964 -0.224161904198
                                0.51717376786     0.259386540456 0.176105738988
                                0.198006620331    0.151105835782 0.210534119173
[INPUT] 3    0    [5    /1   ]  5.80405115073     -0.016523760157
                                2.94777759308     0.055142365254
                                1.27162120797     -0.28665608976
                                0.51717376786     -0.502349311598
                                0.198006620331    -0.508940020577
[INPUT] O1
[INPUT] 0    0    [5    /2   ]  10.3892280183     0.1262407229 0.0692157979
                                3.84962107201     0.1399337043 0.1156345389
                                1.38840118874     -0.4343482317 -0.3228397194
                                0.496955043655    -0.8527917909 -0.0959440166
                                0.16249161504     -0.2423515378 1.1028303487
[INPUT] 1    0    [5    /2   ]  10.3892280183     -0.0613020372 -0.0268627011
                                3.84962107201     -0.1900875117 -0.006283021
                                1.38840118874     -0.3777269828 -0.2248391878
                                0.496955043655    -0.454266086 0.3803246586
                                0.16249161504     -0.257388983 1.0541029199
[INPUT] 2    0    [5    /1   ]  10.3892280183     0.0298452275
                                3.84962107201     0.0609397339
                                1.38840118874     0.7323215801
                                0.496955043655    0.8935649184
                                0.16249161504     0.1529541887
[INPUT] Cu1
[INPUT] 0    0    [5    /2   ]  5.80405115073     0.02091810039 0.045720931893
                                2.94777759308     -0.106208582202 -0.094026024883
                                1.27162120797     0.307397740339 -0.110623536813
                                0.51717376786     0.240805274553 -0.742218346329
                                0.198006620331    -0.798718095004 2.20810737271
[INPUT] 1    0    [5    /2   ]  5.80405115073     -0.004381592772 -0.021109803873
                                2.94777759308     0.017185613995 0.020960301873
                                1.27162120797     -0.089805629814 0.233442747472
                                0.51717376786     0.05441512666 0.369266430953
                                0.198006620331    0.446326740476 -1.4050671297
[INPUT] 2    0    [5    /2   ]  5.80405115073     0.275442696345 -0.101811263028
                                2.94777759308     0.351705110927 -0.207670618594
                                1.27162120797     0.33163596964 -0.224161904198
                                0.51717376786     0.259386540456 0.176105738988
                                0.198006620331    0.151105835782 0.210534119173
[INPUT] 3    0    [5    /1   ]  5.80405115073     -0.016523760157
                                2.94777759308     0.055142365254
                                1.27162120797     -0.28665608976
                                0.51717376786     -0.502349311598
                                0.198006620331    -0.508940020577
[INPUT] O3
[INPUT] 0    0    [5    /2   ]  10.3892280183     0.1262407229 0.0692157979
                                3.84962107201     0.1399337043 0.1156345389
                                1.38840118874     -0.4343482317 -0.3228397194
                                0.496955043655    -0.8527917909 -0.0959440166
                                0.16249161504     -0.2423515378 1.1028303487
[INPUT] 1    0    [5    /2   ]  10.3892280183     -0.0613020372 -0.0268627011
                                3.84962107201     -0.1900875117 -0.006283021
                                1.38840118874     -0.3777269828 -0.2248391878
                                0.496955043655    -0.454266086 0.3803246586
                                0.16249161504     -0.257388983 1.0541029199
[INPUT] 2    0    [5    /1   ]  10.3892280183     0.0298452275
                                3.84962107201     0.0609397339
                                1.38840118874     0.7323215801
                                0.496955043655    0.8935649184
                                0.16249161504     0.1529541887

Ewald components = 515.366198717438, -1890.56906478381, 456.935379599657
nuclear repulsion = -918.267486466713
number of shells = 156
number of NR pGTOs = 3000
number of NR cGTOs = 876
basis = gth-dzvp-molopt-sr
ecp = {}
CPU time:         2.06
lattice vectors  a1 [14.600024038, 0.000000000, 0.000000000]
                 a2 [0.000000000, 14.600024038, 0.000000000]
                 a3 [0.000000000, 0.000000000, 23.995364385]
dimension = 3
low_dim_ft_type = None
Cell volume = 5114.87
exp_to_discard = 0.1
rcut = 19.589025924348242 (nimgs = [2 2 1])
lattice sum = 71 cells
precision = 1e-08
pseudo = gth-hf-rev
ke_cutoff = 200
    = [ 95  95 155] mesh (1398875 PWs)
Density of valence part of ANO basis will be used as initial guess for Cu1
Density of valence part of ANO basis will be used as initial guess for Cu2
Density of valence part of ANO basis will be used as initial guess for Cu3
Density of valence part of ANO basis will be used as initial guess for Cu4
Density of valence part of ANO basis will be used as initial guess for Ba
Density of valence part of ANO basis will be used as initial guess for Ca
Big error detected in the electron number of initial guess density matrix (Ne/cell = 255.556)!
  This can cause huge error in Fock matrix and lead to instability in SCF for low-dimensional systems.
  DM is normalized wrt the number of electrons [232. 232.]


******** <class 'gpu4pyscf.pbc.scf.kuhf.KUHF'> ********
method = KUHF
initial guess = minao
damping factor = 0
level_shift factor = 0
DIIS = <class 'gpu4pyscf.scf.diis.CDIIS'>
diis_start_cycle = 1
diis_space = 8
diis_damp = 0
SCF conv_tol = 1e-06
SCF conv_tol_grad = None
SCF max_cycles = 10
direct_scf = True
direct_scf_tol = 1e-13
max_memory 327680 MB (current use 874 MB)


******** PBC SCF flags ********
N kpts = 1
kpts = [[0. 0. 0.]]
Exchange divergence treatment (exxdiv) = None
DF object = <fftdf.OccRI object at 0x7f9d75b398b0>
number of electrons per cell  alpha = 232 beta = 232
cond(S) = [14040.29486461]
Set gradient conv threshold to 0.001
mem_avail: 77.185 GB, total_mem: 0.063 GB, used_mem: 0.059 GB,mem_limt: 71.270 GB
k = 0, kpt = [0. 0. 0.]
kpt = [0. 0. 0.], g0 = 0, g1 = 20000
kpt = [0. 0. 0.], g0 = 20000, g1 = 40000
kpt = [0. 0. 0.], g0 = 40000, g1 = 60000
kpt = [0. 0. 0.], g0 = 60000, g1 = 80000
kpt = [0. 0. 0.], g0 = 80000, g1 = 100000
kpt = [0. 0. 0.], g0 = 100000, g1 = 120000
kpt = [0. 0. 0.], g0 = 120000, g1 = 140000
kpt = [0. 0. 0.], g0 = 140000, g1 = 160000
kpt = [0. 0. 0.], g0 = 160000, g1 = 180000
kpt = [0. 0. 0.], g0 = 180000, g1 = 200000
kpt = [0. 0. 0.], g0 = 200000, g1 = 220000
kpt = [0. 0. 0.], g0 = 220000, g1 = 240000
kpt = [0. 0. 0.], g0 = 240000, g1 = 260000
kpt = [0. 0. 0.], g0 = 260000, g1 = 280000
kpt = [0. 0. 0.], g0 = 280000, g1 = 300000
kpt = [0. 0. 0.], g0 = 300000, g1 = 320000
kpt = [0. 0. 0.], g0 = 320000, g1 = 340000
kpt = [0. 0. 0.], g0 = 340000, g1 = 360000
kpt = [0. 0. 0.], g0 = 360000, g1 = 380000
kpt = [0. 0. 0.], g0 = 380000, g1 = 400000
kpt = [0. 0. 0.], g0 = 400000, g1 = 420000
kpt = [0. 0. 0.], g0 = 420000, g1 = 440000
kpt = [0. 0. 0.], g0 = 440000, g1 = 460000
kpt = [0. 0. 0.], g0 = 460000, g1 = 480000
kpt = [0. 0. 0.], g0 = 480000, g1 = 500000
kpt = [0. 0. 0.], g0 = 500000, g1 = 520000
kpt = [0. 0. 0.], g0 = 520000, g1 = 540000
kpt = [0. 0. 0.], g0 = 540000, g1 = 560000
kpt = [0. 0. 0.], g0 = 560000, g1 = 580000
kpt = [0. 0. 0.], g0 = 580000, g1 = 600000
kpt = [0. 0. 0.], g0 = 600000, g1 = 620000
kpt = [0. 0. 0.], g0 = 620000, g1 = 640000
kpt = [0. 0. 0.], g0 = 640000, g1 = 660000
kpt = [0. 0. 0.], g0 = 660000, g1 = 680000
kpt = [0. 0. 0.], g0 = 680000, g1 = 700000
kpt = [0. 0. 0.], g0 = 700000, g1 = 720000
kpt = [0. 0. 0.], g0 = 720000, g1 = 740000
kpt = [0. 0. 0.], g0 = 740000, g1 = 760000
kpt = [0. 0. 0.], g0 = 760000, g1 = 780000
kpt = [0. 0. 0.], g0 = 780000, g1 = 800000
kpt = [0. 0. 0.], g0 = 800000, g1 = 820000
kpt = [0. 0. 0.], g0 = 820000, g1 = 840000
kpt = [0. 0. 0.], g0 = 840000, g1 = 860000
kpt = [0. 0. 0.], g0 = 860000, g1 = 880000
kpt = [0. 0. 0.], g0 = 880000, g1 = 900000
kpt = [0. 0. 0.], g0 = 900000, g1 = 920000
kpt = [0. 0. 0.], g0 = 920000, g1 = 940000
kpt = [0. 0. 0.], g0 = 940000, g1 = 960000
kpt = [0. 0. 0.], g0 = 960000, g1 = 980000
kpt = [0. 0. 0.], g0 = 980000, g1 = 1000000
kpt = [0. 0. 0.], g0 = 1000000, g1 = 1020000
kpt = [0. 0. 0.], g0 = 1020000, g1 = 1040000
kpt = [0. 0. 0.], g0 = 1040000, g1 = 1060000
kpt = [0. 0. 0.], g0 = 1060000, g1 = 1080000
kpt = [0. 0. 0.], g0 = 1080000, g1 = 1100000
kpt = [0. 0. 0.], g0 = 1100000, g1 = 1120000
kpt = [0. 0. 0.], g0 = 1120000, g1 = 1140000
kpt = [0. 0. 0.], g0 = 1140000, g1 = 1160000
kpt = [0. 0. 0.], g0 = 1160000, g1 = 1180000
kpt = [0. 0. 0.], g0 = 1180000, g1 = 1200000
kpt = [0. 0. 0.], g0 = 1200000, g1 = 1220000
kpt = [0. 0. 0.], g0 = 1220000, g1 = 1240000
kpt = [0. 0. 0.], g0 = 1240000, g1 = 1260000
kpt = [0. 0. 0.], g0 = 1260000, g1 = 1280000
kpt = [0. 0. 0.], g0 = 1280000, g1 = 1300000
kpt = [0. 0. 0.], g0 = 1300000, g1 = 1320000
kpt = [0. 0. 0.], g0 = 1320000, g1 = 1340000
kpt = [0. 0. 0.], g0 = 1340000, g1 = 1360000
kpt = [0. 0. 0.], g0 = 1360000, g1 = 1380000
kpt = [0. 0. 0.], g0 = 1380000, g1 = 1398875


******** <class 'fftdf.OccRI'> ********
mesh = [ 95  95 155] (1398875 PWs)
nkpts = 1
nao = 876, nocc = 232, blksize = 1
rhoR memory usage = 5.19e+00 GB
    CPU time for vj and vk                                               1.03 sec, wall time      0.75 sec, GPU time    644.03 ms
E1 = -2370.9748732560756  E_coul = 1321.062793908292
init E= -1968.1795658145
    CPU time for SCF initialization                                     49.38 sec, wall time     11.41 sec, GPU time  11411.56 ms
alpha HOMO = 0.837785673677  LUMO = 0.844913947522
beta HOMO = 0.837785673677  LUMO = 0.844913947522
    CPU time for vj and vk                                              44.28 sec, wall time    122.75 sec, GPU time 122747.56 ms
E1 = -635.8565063361134  E_coul = 912.4229918412469
    CPU time for cycle=1                                                44.47 sec, wall time    122.80 sec, GPU time 122804.83 ms
cycle= 1 E= -641.701000961579  delta_E= 1.33e+03  |g|= 46.7  |ddm|=  699
alpha HOMO = -9.31897406763  LUMO = -9.30700841872
beta HOMO = -9.31897406763  LUMO = -9.30700841872
    CPU time for vj and vk                                              43.78 sec, wall time    122.50 sec, GPU time 122502.75 ms
E1 = -4055.0817951744716  E_coul = 5886.223912264907
    CPU time for cycle=2                                                43.83 sec, wall time    122.55 sec, GPU time 122552.03 ms
cycle= 2 E= 912.874630623723  delta_E= 1.55e+03  |g|= 51.6  |ddm|=  487
alpha HOMO = 0.274158346817  LUMO = 0.283092555593
beta HOMO = 0.274158346817  LUMO = 0.283092555593
    CPU time for vj and vk                                              37.56 sec, wall time    122.72 sec, GPU time 122720.10 ms
E1 = -1839.0300307811622  E_coul = 917.5012969138032
    CPU time for cycle=3                                                37.59 sec, wall time    122.75 sec, GPU time 122752.48 ms
cycle= 3 E= -1839.79622033407  delta_E= -2.75e+03  |g|= 27.1  |ddm|=  473
alpha HOMO = 0.294233664926  LUMO = 0.312045888046
beta HOMO = 0.294233664926  LUMO = 0.312045888046
    CPU time for vj and vk                                              37.55 sec, wall time    122.58 sec, GPU time 122577.56 ms
E1 = -3623.16828427267  E_coul = 2981.9937356789796
    CPU time for cycle=4                                                37.58 sec, wall time    122.61 sec, GPU time 122609.72 ms
cycle= 4 E= -1559.4420350604  delta_E=  280  |g|= 28.4  |ddm|=  126
alpha HOMO = 0.68809972161  LUMO = 0.69059275902
beta HOMO = 0.68809972161  LUMO = 0.69059275902
    CPU time for vj and vk                                              43.78 sec, wall time    122.48 sec, GPU time 122485.92 ms
E1 = -799.9004349534168  E_coul = 588.7203284851621
    CPU time for cycle=5                                                43.81 sec, wall time    122.52 sec, GPU time 122518.86 ms
cycle= 5 E= -1129.44759293497  delta_E=  430  |g|= 52.3  |ddm|=  114
alpha HOMO = 0.67764956114  LUMO = 0.692268702743
beta HOMO = 0.67764956114  LUMO = 0.692268702743
    CPU time for vj and vk                                              38.31 sec, wall time    122.58 sec, GPU time 122579.30 ms
E1 = -1236.183601641759  E_coul = 616.1473864786996
    CPU time for cycle=6                                                38.34 sec, wall time    122.61 sec, GPU time 122612.24 ms
cycle= 6 E= -1538.30370162977  delta_E= -409  |g|= 42.1  |ddm|= 32.1
alpha HOMO = 0.672990046392  LUMO = 0.686011881154
beta HOMO = 0.672990046392  LUMO = 0.686011881154
    CPU time for vj and vk                                              43.79 sec, wall time    122.46 sec, GPU time 122463.80 ms
E1 = -1317.1892698625106  E_coul = 616.2725910430005
    CPU time for cycle=7                                                43.83 sec, wall time    122.50 sec, GPU time 122496.62 ms
cycle= 7 E= -1619.18416528622  delta_E= -80.9  |g|= 39.7  |ddm|=   10
alpha HOMO = 0.663770527212  LUMO = 0.700491106323
beta HOMO = 0.663770527212  LUMO = 0.700491106323
    CPU time for vj and vk                                              42.70 sec, wall time    122.63 sec, GPU time 122633.18 ms
E1 = -1338.0432967811253  E_coul = 612.3513105767117
    CPU time for cycle=8                                                42.73 sec, wall time    122.66 sec, GPU time 122666.20 ms
cycle= 8 E= -1643.95947267113  delta_E= -24.8  |g|= 39.3  |ddm|= 3.62
alpha HOMO = 0.664839638769  LUMO = 0.69690511048
beta HOMO = 0.664839638769  LUMO = 0.69690511048
    CPU time for vj and vk                                              36.58 sec, wall time    122.61 sec, GPU time 122609.80 ms
E1 = -1354.4627546849385  E_coul = 614.0773062871732
    CPU time for cycle=9                                                36.61 sec, wall time    122.64 sec, GPU time 122642.60 ms
cycle= 9 E= -1658.65293486448  delta_E= -14.7  |g|=   39  |ddm|= 2.32
alpha HOMO = 0.675323062377  LUMO = 0.677034858245
beta HOMO = 0.675323062377  LUMO = 0.677034858245
    CPU time for vj and vk                                              37.24 sec, wall time    122.71 sec, GPU time 122712.79 ms
E1 = -523.8560705452987  E_coul = 631.7974591713539
    CPU time for cycle=10                                               37.27 sec, wall time    122.74 sec, GPU time 122745.57 ms
cycle= 10 E= -810.326097840657  delta_E=  848  |g|= 54.9  |ddm|= 50.3

WARN: SCF failed to converge

    CPU time for SCF                                                   455.59 sec, wall time   1237.96 sec, GPU time 1237967.75 ms
SCF not converged.
SCF energy = -810.326097840657
End time = Mon Nov 17 07:19:57 PM PST 2025
